<?xml version="1.0" encoding="UTF-8"?>
<testng-results ignored="0" total="3" passed="2" failed="1" skipped="0">
  <reporter-output>
  </reporter-output>
  <suite started-at="2023-08-14T15:30:25 IST" name="Opencart App Test" finished-at="2023-08-14T15:30:39 IST" duration-ms="13944">
    <groups>
    </groups>
    <test started-at="2023-08-14T15:30:25 IST" name="Test Kart" finished-at="2023-08-14T15:30:39 IST" duration-ms="13944">
      <class name="com.qa.kart1.pageTest.LoginPageTest">
        <test-method is-config="true" signature="setUp()[pri:0, instance:com.qa.kart1.pageTest.LoginPageTest@942a29c]" started-at="2023-08-14T15:30:25 IST" name="setUp" finished-at="2023-08-14T15:30:34 IST" duration-ms="9144" status="PASS">
          <reporter-output>
          </reporter-output>
        </test-method> <!-- setUp -->
        <test-method signature="LoginTest()[pri:0, instance:com.qa.kart1.pageTest.LoginPageTest@942a29c]" started-at="2023-08-14T15:30:34 IST" name="LoginTest" finished-at="2023-08-14T15:30:38 IST" duration-ms="4261" status="FAIL">
          <exception class="java.lang.AssertionError">
            <message>
              <![CDATA[expected [true] but found [false]]]>
            </message>
            <full-stacktrace>
              <![CDATA[java.lang.AssertionError: expected [true] but found [false]
at org.testng.Assert.fail(Assert.java:110)
at org.testng.Assert.failNotEquals(Assert.java:1577)
at org.testng.Assert.assertTrue(Assert.java:56)
at org.testng.Assert.assertTrue(Assert.java:66)
at com.qa.kart1.pageTest.LoginPageTest.LoginTest(LoginPageTest.java:14)
at java.base/jdk.internal.reflect.NativeMethodAccessorImpl.invoke0(Native Method)
at java.base/jdk.internal.reflect.NativeMethodAccessorImpl.invoke(NativeMethodAccessorImpl.java:77)
at java.base/jdk.internal.reflect.DelegatingMethodAccessorImpl.invoke(DelegatingMethodAccessorImpl.java:43)
at java.base/java.lang.reflect.Method.invoke(Method.java:568)
at org.testng.internal.invokers.MethodInvocationHelper.invokeMethod(MethodInvocationHelper.java:139)
at org.testng.internal.invokers.TestInvoker.invokeMethod(TestInvoker.java:677)
at org.testng.internal.invokers.TestInvoker.invokeTestMethod(TestInvoker.java:221)
at org.testng.internal.invokers.MethodRunner.runInSequence(MethodRunner.java:50)
at org.testng.internal.invokers.TestInvoker$MethodInvocationAgent.invoke(TestInvoker.java:969)
at org.testng.internal.invokers.TestInvoker.invokeTestMethods(TestInvoker.java:194)
at org.testng.internal.invokers.TestMethodWorker.invokeTestMethods(TestMethodWorker.java:148)
at org.testng.internal.invokers.TestMethodWorker.run(TestMethodWorker.java:128)
at java.base/java.util.ArrayList.forEach(ArrayList.java:1511)
at org.testng.TestRunner.privateRun(TestRunner.java:829)
at org.testng.TestRunner.run(TestRunner.java:602)
at org.testng.SuiteRunner.runTest(SuiteRunner.java:437)
at org.testng.SuiteRunner$SuiteWorker.run(SuiteRunner.java:475)
at org.testng.internal.thread.ThreadUtil.lambda$execute$0(ThreadUtil.java:58)
at java.base/java.util.concurrent.FutureTask.run(FutureTask.java:264)
at java.base/java.util.concurrent.ThreadPoolExecutor.runWorker(ThreadPoolExecutor.java:1136)
at java.base/java.util.concurrent.ThreadPoolExecutor$Worker.run(ThreadPoolExecutor.java:635)
at java.base/java.lang.Thread.run(Thread.java:833)
]]>
            </full-stacktrace>
          </exception> <!-- java.lang.AssertionError -->
          <reporter-output>
          </reporter-output>
        </test-method> <!-- LoginTest -->
        <test-method signature="search_visible_Test()[pri:0, instance:com.qa.kart1.pageTest.LoginPageTest@942a29c]" started-at="2023-08-14T15:30:38 IST" name="search_visible_Test" finished-at="2023-08-14T15:30:38 IST" duration-ms="30" status="PASS">
          <reporter-output>
          </reporter-output>
        </test-method> <!-- search_visible_Test -->
        <test-method signature="subSections_Test()[pri:0, instance:com.qa.kart1.pageTest.LoginPageTest@942a29c]" started-at="2023-08-14T15:30:38 IST" name="subSections_Test" finished-at="2023-08-14T15:30:39 IST" duration-ms="206" status="PASS">
          <reporter-output>
          </reporter-output>
        </test-method> <!-- subSections_Test -->
        <test-method is-config="true" signature="tearDown()[pri:0, instance:com.qa.kart1.pageTest.LoginPageTest@942a29c]" started-at="2023-08-14T15:30:39 IST" name="tearDown" finished-at="2023-08-14T15:30:39 IST" duration-ms="256" status="PASS">
          <reporter-output>
          </reporter-output>
        </test-method> <!-- tearDown -->
      </class> <!-- com.qa.kart1.pageTest.LoginPageTest -->
    </test> <!-- Test Kart -->
  </suite> <!-- Opencart App Test -->
</testng-results>
